<?xml version="1.0" encoding="UTF-8"?>
<!-- Generated by org.testng.reporters.JUnitReportReporter -->
<testsuite skipped="1" hostname="WINDOWS-A1KASTV" name="com.testNG.ann.Ignore_Concept" tests="2" failures="0" timestamp="2022-04-12T19:24:47 IST" time="0.016" errors="0">
  <testcase name="watsapp" time="0.016" classname="com.testNG.ann.Ignore_Concept"/>
  <system-out/>
  <testcase name="facebook" classname="com.testNG.ann.Ignore_Concept">
    <skipped/>
  </testcase> <!-- facebook -->
  <system-out/>
</testsuite> <!-- com.testNG.ann.Ignore_Concept -->
