<?xml version="1.0" encoding="UTF-8"?>
<!-- Generated by org.testng.reporters.JUnitReportReporter -->
<testsuite skipped="0" hostname="WINDOWS-A1KASTV" name="com.testNG.ann.Simple_Annotations" tests="4" failures="0" timestamp="2022-04-11T19:36:31 IST" time="0.032" errors="0">
  <testcase name="kids" time="0.016" classname="com.testNG.ann.Simple_Annotations"/>
  <system-out/>
  <testcase name="women" time="0.000" classname="com.testNG.ann.Simple_Annotations"/>
  <system-out/>
  <testcase name="men" time="0.016" classname="com.testNG.ann.Simple_Annotations"/>
  <system-out/>
  <testcase name="men" time="0.000" classname="com.testNG.ann.Simple_Annotations"/>
  <system-out/>
</testsuite> <!-- com.testNG.ann.Simple_Annotations -->
