<?xml version="1.0" encoding="UTF-8"?>
<!-- Generated by org.testng.reporters.JUnitReportReporter -->
<testsuite skipped="0" hostname="WINDOWS-A1KASTV" name="com.testNG.ann.Group_Feature" tests="2" failures="0" timestamp="2022-04-13T14:41:16 IST" time="0.016" errors="0">
  <testcase name="car" time="0.000" classname="com.testNG.ann.Group_Feature"/>
  <system-out/>
  <testcase name="bike" time="0.016" classname="com.testNG.ann.Group_Feature"/>
  <system-out/>
</testsuite> <!-- com.testNG.ann.Group_Feature -->
